2023-11-26T21:21:38.719+05:45  INFO 26849 --- [restartedMain] c.b.s.Springproject3pmApplication        : Starting Springproject3pmApplication using Java 17.0.7 with PID 26849 (/home/aayush/Documents/workspace-spring-tool-suite-4-4.18.1.RELEASE/springproject3pm/target/classes started by aayush in /home/aayush/Documents/workspace-spring-tool-suite-4-4.18.1.RELEASE/springproject3pm)
2023-11-26T21:21:38.719+05:45  INFO 26849 --- [restartedMain] c.b.s.Springproject3pmApplication        : No active profile set, falling back to 1 default profile: "default"
2023-11-26T21:21:38.840+05:45  INFO 26849 --- [restartedMain] .s.d.r.c.RepositoryConfigurationDelegate : Bootstrapping Spring Data JPA repositories in DEFAULT mode.
2023-11-26T21:21:38.845+05:45  INFO 26849 --- [restartedMain] .s.d.r.c.RepositoryConfigurationDelegate : Finished Spring Data repository scanning in 5 ms. Found 3 JPA repository interfaces.
2023-11-26T21:21:38.912+05:45  INFO 26849 --- [restartedMain] o.s.b.w.embedded.tomcat.TomcatWebServer  : Tomcat initialized with port(s): 8080 (http)
2023-11-26T21:21:38.912+05:45  INFO 26849 --- [restartedMain] o.apache.catalina.core.StandardService   : Starting service [Tomcat]
2023-11-26T21:21:38.912+05:45  INFO 26849 --- [restartedMain] o.apache.catalina.core.StandardEngine    : Starting Servlet engine: [Apache Tomcat/10.1.15]
2023-11-26T21:21:38.916+05:45  INFO 26849 --- [restartedMain] o.a.c.c.C.[Tomcat-4].[localhost].[/]     : Initializing Spring embedded WebApplicationContext
2023-11-26T21:21:38.917+05:45  INFO 26849 --- [restartedMain] w.s.c.ServletWebServerApplicationContext : Root WebApplicationContext: initialization completed in 197 ms
2023-11-26T21:21:38.946+05:45  INFO 26849 --- [restartedMain] o.hibernate.jpa.internal.util.LogHelper  : HHH000204: Processing PersistenceUnitInfo [name: default]
2023-11-26T21:21:38.950+05:45  INFO 26849 --- [restartedMain] o.s.o.j.p.SpringPersistenceUnitInfo      : No LoadTimeWeaver setup: ignoring JPA class transformer
2023-11-26T21:21:38.950+05:45  INFO 26849 --- [restartedMain] com.zaxxer.hikari.HikariDataSource       : HikariPool-34 - Starting...
2023-11-26T21:21:38.960+05:45  INFO 26849 --- [restartedMain] com.zaxxer.hikari.pool.HikariPool        : HikariPool-34 - Added connection com.mysql.cj.jdbc.ConnectionImpl@103140ae
2023-11-26T21:21:38.961+05:45  INFO 26849 --- [restartedMain] com.zaxxer.hikari.HikariDataSource       : HikariPool-34 - Start completed.
2023-11-26T21:21:38.996+05:45  INFO 26849 --- [restartedMain] o.h.e.t.j.p.i.JtaPlatformInitiator       : HHH000489: No JTA platform available (set 'hibernate.transaction.jta.platform' to enable JTA platform integration)
2023-11-26T21:21:39.015+05:45  INFO 26849 --- [restartedMain] j.LocalContainerEntityManagerFactoryBean : Initialized JPA EntityManagerFactory for persistence unit 'default'
2023-11-26T21:21:39.102+05:45  WARN 26849 --- [restartedMain] JpaBaseConfiguration$JpaWebConfiguration : spring.jpa.open-in-view is enabled by default. Therefore, database queries may be performed during view rendering. Explicitly configure spring.jpa.open-in-view to disable this warning
2023-11-26T21:21:39.200+05:45  INFO 26849 --- [restartedMain] o.s.b.d.a.OptionalLiveReloadServer       : LiveReload server is running on port 35729
2023-11-26T21:21:39.214+05:45  INFO 26849 --- [restartedMain] o.s.b.w.embedded.tomcat.TomcatWebServer  : Tomcat started on port(s): 8080 (http) with context path ''
2023-11-26T21:21:39.219+05:45  INFO 26849 --- [restartedMain] c.b.s.Springproject3pmApplication        : Started Springproject3pmApplication in 0.558 seconds (process running for 4024.593)
2023-11-26T21:21:39.221+05:45  INFO 26849 --- [restartedMain] .ConditionEvaluationDeltaLoggingListener : Condition evaluation unchanged
2023-11-26T21:23:54.160+05:45  INFO 26849 --- [http-nio-8080-exec-1] o.a.c.c.C.[Tomcat-4].[localhost].[/]     : Initializing Spring DispatcherServlet 'dispatcherServlet'
2023-11-26T21:23:54.160+05:45  INFO 26849 --- [http-nio-8080-exec-1] o.s.web.servlet.DispatcherServlet        : Initializing Servlet 'dispatcherServlet'
2023-11-26T21:23:54.162+05:45  INFO 26849 --- [http-nio-8080-exec-1] o.s.web.servlet.DispatcherServlet        : Completed initialization in 2 ms
2023-11-26T21:23:54.163+05:45  INFO 26849 --- [http-nio-8080-exec-1] c.b.s.controller.UserController          : ------ inside login page -------
2023-11-26T21:24:04.548+05:45  INFO 26849 --- [http-nio-8080-exec-10] c.b.s.controller.UserController          : ------ login success -------
2023-11-26T21:24:04.550+05:45  WARN 26849 --- [http-nio-8080-exec-10] actStandardFragmentInsertionTagProcessor : [THYMELEAF][http-nio-8080-exec-10][Home] Deprecated unwrapped fragment expression "header.html" found in template Home, line 9, col 12. Please use the complete syntax of fragment expressions instead ("~{header.html}"). The old, unwrapped syntax for fragment expressions will be removed in future versions of Thymeleaf.
2023-11-26T21:28:04.044+05:45  INFO 26849 --- [File Watcher] rtingClassPathChangeChangedEventListener : Restarting due to 1 class path change (0 additions, 0 deletions, 1 modification)
2023-11-26T21:28:04.047+05:45  INFO 26849 --- [Thread-131] o.apache.catalina.core.StandardService   : Stopping service [Tomcat]
2023-11-26T21:28:04.047+05:45  INFO 26849 --- [Thread-131] o.a.c.c.C.[Tomcat-4].[localhost].[/]     : Destroying Spring FrameworkServlet 'dispatcherServlet'
2023-11-26T21:28:04.052+05:45  INFO 26849 --- [Thread-131] j.LocalContainerEntityManagerFactoryBean : Closing JPA EntityManagerFactory for persistence unit 'default'
2023-11-26T21:28:04.052+05:45  INFO 26849 --- [Thread-131] com.zaxxer.hikari.HikariDataSource       : HikariPool-34 - Shutdown initiated...
2023-11-26T21:28:04.054+05:45  INFO 26849 --- [Thread-131] com.zaxxer.hikari.HikariDataSource       : HikariPool-34 - Shutdown completed.
